================================
01/10/2025 20:28:50,72 - START
VENV = C:\venvs\novo5
PROJ = C:\Users\mojun\OneDrive\Ãrea de Trabalho\PROJETO\novo 5
Requirement already satisfied: pip in c:\venvs\novo5\lib\site-packages (25.2)
Collecting anyio==4.10.0 (from -r C:\Users\mojun\OneDrive\Área de Trabalho\PROJETO\novo 5\requirements.txt (line 1))
  Using cached anyio-4.10.0-py3-none-any.whl.metadata (4.0 kB)
Requirement already satisfied: certifi==2025.8.3 in c:\venvs\novo5\lib\site-packages (from -r C:\Users\mojun\OneDrive\Área de Trabalho\PROJETO\novo 5\requirements.txt (line 2)) (2025.8.3)
Collecting charset-normalizer==3.4.3 (from -r C:\Users\mojun\OneDrive\Área de Trabalho\PROJETO\novo 5\requirements.txt (line 3))
  Using cached charset_normalizer-3.4.3-cp313-cp313-win_amd64.whl.metadata (37 kB)
Requirement already satisfied: et_xmlfile==2.0.0 in c:\venvs\novo5\lib\site-packages (from -r C:\Users\mojun\OneDrive\Área de Trabalho\PROJETO\novo 5\requirements.txt (line 4)) (2.0.0)
Requirement already satisfied: flet==0.28.3 in c:\venvs\novo5\lib\site-packages (from -r C:\Users\mojun\OneDrive\Área de Trabalho\PROJETO\novo 5\requirements.txt (line 5)) (0.28.3)
Requirement already satisfied: flet-desktop==0.28.3 in c:\venvs\novo5\lib\site-packages (from -r C:\Users\mojun\OneDrive\Área de Trabalho\PROJETO\novo 5\requirements.txt (line 6)) (0.28.3)
Requirement already satisfied: h11==0.16.0 in c:\venvs\novo5\lib\site-packages (from -r C:\Users\mojun\OneDrive\Área de Trabalho\PROJETO\novo 5\requirements.txt (line 7)) (0.16.0)
Requirement already satisfied: httpcore==1.0.9 in c:\venvs\novo5\lib\site-packages (from -r C:\Users\mojun\OneDrive\Área de Trabalho\PROJETO\novo 5\requirements.txt (line 8)) (1.0.9)
Requirement already satisfied: httpx==0.28.1 in c:\venvs\novo5\lib\site-packages (from -r C:\Users\mojun\OneDrive\Área de Trabalho\PROJETO\novo 5\requirements.txt (line 9)) (0.28.1)
Requirement already satisfied: idna==3.10 in c:\venvs\novo5\lib\site-packages (from -r C:\Users\mojun\OneDrive\Área de Trabalho\PROJETO\novo 5\requirements.txt (line 10)) (3.10)
Collecting lxml==6.0.0 (from -r C:\Users\mojun\OneDrive\Área de Trabalho\PROJETO\novo 5\requirements.txt (line 11))
  Using cached lxml-6.0.0-cp313-cp313-win_amd64.whl.metadata (6.8 kB)
Collecting narwhals==2.1.2 (from -r C:\Users\mojun\OneDrive\Área de Trabalho\PROJETO\novo 5\requirements.txt (line 12))
  Using cached narwhals-2.1.2-py3-none-any.whl.metadata (11 kB)
Collecting numpy==2.3.2 (from -r C:\Users\mojun\OneDrive\Área de Trabalho\PROJETO\novo 5\requirements.txt (line 13))
  Using cached numpy-2.3.2-cp313-cp313-win_amd64.whl.metadata (60 kB)
Requirement already satisfied: oauthlib==3.3.1 in c:\venvs\novo5\lib\site-packages (from -r C:\Users\mojun\OneDrive\Área de Trabalho\PROJETO\novo 5\requirements.txt (line 14)) (3.3.1)
Requirement already satisfied: openpyxl==3.1.5 in c:\venvs\novo5\lib\site-packages (from -r C:\Users\mojun\OneDrive\Área de Trabalho\PROJETO\novo 5\requirements.txt (line 15)) (3.1.5)
Collecting packaging==25.0 (from -r C:\Users\mojun\OneDrive\Área de Trabalho\PROJETO\novo 5\requirements.txt (line 16))
  Using cached packaging-25.0-py3-none-any.whl.metadata (3.3 kB)
Collecting pandas==2.3.1 (from -r C:\Users\mojun\OneDrive\Área de Trabalho\PROJETO\novo 5\requirements.txt (line 17))
  Using cached pandas-2.3.1-cp313-cp313-win_amd64.whl.metadata (19 kB)
Collecting pillow==11.3.0 (from -r C:\Users\mojun\OneDrive\Área de Trabalho\PROJETO\novo 5\requirements.txt (line 18))
  Using cached pillow-11.3.0-cp313-cp313-win_amd64.whl.metadata (9.2 kB)
Collecting plotly==6.3.0 (from -r C:\Users\mojun\OneDrive\Área de Trabalho\PROJETO\novo 5\requirements.txt (line 19))
  Using cached plotly-6.3.0-py3-none-any.whl.metadata (8.5 kB)
Collecting PyPDF2==3.0.1 (from -r C:\Users\mojun\OneDrive\Área de Trabalho\PROJETO\novo 5\requirements.txt (line 20))
  Using cached pypdf2-3.0.1-py3-none-any.whl.metadata (6.8 kB)
Collecting python-dateutil==2.9.0.post0 (from -r C:\Users\mojun\OneDrive\Área de Trabalho\PROJETO\novo 5\requirements.txt (line 21))
  Using cached python_dateutil-2.9.0.post0-py2.py3-none-any.whl.metadata (8.4 kB)
Collecting python-docx==1.2.0 (from -r C:\Users\mojun\OneDrive\Área de Trabalho\PROJETO\novo 5\requirements.txt (line 22))
  Using cached python_docx-1.2.0-py3-none-any.whl.metadata (2.0 kB)
Collecting pytz==2025.2 (from -r C:\Users\mojun\OneDrive\Área de Trabalho\PROJETO\novo 5\requirements.txt (line 23))
  Using cached pytz-2025.2-py2.py3-none-any.whl.metadata (22 kB)
Requirement already satisfied: repath==0.9.0 in c:\venvs\novo5\lib\site-packages (from -r C:\Users\mojun\OneDrive\Área de Trabalho\PROJETO\novo 5\requirements.txt (line 24)) (0.9.0)
Collecting reportlab==4.4.3 (from -r C:\Users\mojun\OneDrive\Área de Trabalho\PROJETO\novo 5\requirements.txt (line 25))
  Using cached reportlab-4.4.3-py3-none-any.whl.metadata (1.7 kB)
Collecting requests==2.32.5 (from -r C:\Users\mojun\OneDrive\Área de Trabalho\PROJETO\novo 5\requirements.txt (line 26))
  Using cached requests-2.32.5-py3-none-any.whl.metadata (4.9 kB)
Collecting schedule==1.2.2 (from -r C:\Users\mojun\OneDrive\Área de Trabalho\PROJETO\novo 5\requirements.txt (line 27))
  Using cached schedule-1.2.2-py3-none-any.whl.metadata (3.8 kB)
Requirement already satisfied: six==1.17.0 in c:\venvs\novo5\lib\site-packages (from -r C:\Users\mojun\OneDrive\Área de Trabalho\PROJETO\novo 5\requirements.txt (line 28)) (1.17.0)
Requirement already satisfied: sniffio==1.3.1 in c:\venvs\novo5\lib\site-packages (from -r C:\Users\mojun\OneDrive\Área de Trabalho\PROJETO\novo 5\requirements.txt (line 29)) (1.3.1)
Collecting typing_extensions==4.14.1 (from -r C:\Users\mojun\OneDrive\Área de Trabalho\PROJETO\novo 5\requirements.txt (line 30))
  Using cached typing_extensions-4.14.1-py3-none-any.whl.metadata (3.0 kB)
Collecting tzdata==2025.2 (from -r C:\Users\mojun\OneDrive\Área de Trabalho\PROJETO\novo 5\requirements.txt (line 31))
  Using cached tzdata-2025.2-py2.py3-none-any.whl.metadata (1.4 kB)
Collecting urllib3==2.5.0 (from -r C:\Users\mojun\OneDrive\Área de Trabalho\PROJETO\novo 5\requirements.txt (line 32))
  Using cached urllib3-2.5.0-py3-none-any.whl.metadata (6.5 kB)
Collecting scikit-learn==1.5.1 (from -r C:\Users\mojun\OneDrive\Área de Trabalho\PROJETO\novo 5\requirements.txt (line 33))
  Using cached scikit_learn-1.5.1.tar.gz (7.0 MB)
  Installing build dependencies: started
  Installing build dependencies: finished with status 'done'
  Getting requirements to build wheel: started
  Getting requirements to build wheel: finished with status 'done'
  Installing backend dependencies: started
  Installing backend dependencies: finished with status 'done'
  Preparing metadata (pyproject.toml): started
  Preparing metadata (pyproject.toml): finished with status 'error'
  error: subprocess-exited-with-error
  
  Preparing metadata (pyproject.toml) did not run successfully.
  exit code: 1
  
  [21 lines of output]
  + meson setup C:\Users\mojun\AppData\Local\Temp\pip-install-9ggtg3_x\scikit-learn_f95ad84c97ad4cf199877b97aea9671b C:\Users\mojun\AppData\Local\Temp\pip-install-9ggtg3_x\scikit-learn_f95ad84c97ad4cf199877b97aea9671b\.mesonpy-zb0aiygr -Dbuildtype=release -Db_ndebug=if-release -Db_vscrt=md --native-file=C:\Users\mojun\AppData\Local\Temp\pip-install-9ggtg3_x\scikit-learn_f95ad84c97ad4cf199877b97aea9671b\.mesonpy-zb0aiygr\meson-python-native-file.ini
  The Meson build system
  Version: 1.9.1
  Source dir: C:\Users\mojun\AppData\Local\Temp\pip-install-9ggtg3_x\scikit-learn_f95ad84c97ad4cf199877b97aea9671b
  Build dir: C:\Users\mojun\AppData\Local\Temp\pip-install-9ggtg3_x\scikit-learn_f95ad84c97ad4cf199877b97aea9671b\.mesonpy-zb0aiygr
  Build type: native build
  WARNING: Failed to activate VS environment: Could not find C:\Program Files (x86)\Microsoft Visual Studio\Installer\vswhere.exe
  Project name: scikit-learn
  Project version: 1.5.1
  
  ..\meson.build:1:0: ERROR: Unknown compiler(s): [['icl'], ['cl'], ['cc'], ['gcc'], ['clang'], ['clang-cl'], ['pgcc']]
  The following exception(s) were encountered:
  Running `icl ""` gave "[WinError 2] O sistema não pode encontrar o arquivo especificado"
  Running `cl /?` gave "[WinError 2] O sistema não pode encontrar o arquivo especificado"
  Running `cc --version` gave "[WinError 2] O sistema não pode encontrar o arquivo especificado"
  Running `gcc --version` gave "[WinError 2] O sistema não pode encontrar o arquivo especificado"
  Running `clang --version` gave "[WinError 2] O sistema não pode encontrar o arquivo especificado"
  Running `clang-cl /?` gave "[WinError 2] O sistema não pode encontrar o arquivo especificado"
  Running `pgcc --version` gave "[WinError 2] O sistema não pode encontrar o arquivo especificado"
  
  A full log can be found at C:\Users\mojun\AppData\Local\Temp\pip-install-9ggtg3_x\scikit-learn_f95ad84c97ad4cf199877b97aea9671b\.mesonpy-zb0aiygr\meson-logs\meson-log.txt
  [end of output]
  
  note: This error originates from a subprocess, and is likely not a problem with pip.
error: metadata-generation-failed

Encountered error while generating package metadata.

See above for output.

note: This is an issue with the package mentioned above, not pip.
hint: See above for details.
Requirement already satisfied: flet==0.28.3 in c:\venvs\novo5\lib\site-packages (0.28.3)
Requirement already satisfied: numpy in c:\venvs\novo5\lib\site-packages (2.3.3)
Requirement already satisfied: scipy in c:\venvs\novo5\lib\site-packages (1.16.2)
Requirement already satisfied: scikit-learn in c:\venvs\novo5\lib\site-packages (1.7.2)
Requirement already satisfied: pypdf in c:\venvs\novo5\lib\site-packages (4.3.1)
Requirement already satisfied: openpyxl in c:\venvs\novo5\lib\site-packages (3.1.5)
Requirement already satisfied: httpx in c:\venvs\novo5\lib\site-packages (0.28.1)
Requirement already satisfied: oauthlib in c:\venvs\novo5\lib\site-packages (3.3.1)
Requirement already satisfied: repath in c:\venvs\novo5\lib\site-packages (0.9.0)
Requirement already satisfied: six>=1.9.0 in c:\venvs\novo5\lib\site-packages (from repath) (1.17.0)
Requirement already satisfied: joblib>=1.2.0 in c:\venvs\novo5\lib\site-packages (from scikit-learn) (1.5.2)
Requirement already satisfied: threadpoolctl>=3.1.0 in c:\venvs\novo5\lib\site-packages (from scikit-learn) (3.6.0)
Requirement already satisfied: et-xmlfile in c:\venvs\novo5\lib\site-packages (from openpyxl) (2.0.0)
Requirement already satisfied: anyio in c:\venvs\novo5\lib\site-packages (from httpx) (4.11.0)
Requirement already satisfied: certifi in c:\venvs\novo5\lib\site-packages (from httpx) (2025.8.3)
Requirement already satisfied: httpcore==1.* in c:\venvs\novo5\lib\site-packages (from httpx) (1.0.9)
Requirement already satisfied: idna in c:\venvs\novo5\lib\site-packages (from httpx) (3.10)
Requirement already satisfied: h11>=0.16 in c:\venvs\novo5\lib\site-packages (from httpcore==1.*->httpx) (0.16.0)
Requirement already satisfied: sniffio>=1.1 in c:\venvs\novo5\lib\site-packages (from anyio->httpx) (1.3.1)
[RUN] python run_native.py 
